SF:lib\screen\home\home.screen.dart
DA:8,1
DA:10,1
DA:11,1
DA:17,1
DA:18,1
DA:20,1
DA:21,1
DA:22,1
DA:28,1
DA:29,2
DA:30,3
DA:34,1
DA:35,2
DA:36,2
DA:40,1
DA:42,1
DA:43,2
DA:44,1
DA:45,1
DA:46,1
DA:50,1
LF:21
LH:21
end_of_record
SF:lib\screen\home\component\task.card.dart
DA:3,2
DA:8,1
DA:22,1
DA:24,1
DA:29,1
DA:31,1
DA:33,1
DA:34,1
DA:36,1
DA:37,1
DA:38,1
DA:40,1
DA:42,3
DA:45,1
DA:47,1
DA:48,1
DA:49,3
LF:17
LH:17
end_of_record
SF:lib\screen\home\component\task.list.dart
DA:6,1
DA:15,1
DA:16,1
DA:17,2
DA:21,1
DA:22,2
DA:26,1
DA:27,1
DA:28,2
DA:29,1
DA:30,1
DA:32,3
DA:33,3
DA:34,1
DA:41,1
DA:43,1
LF:16
LH:16
end_of_record
SF:lib\screen\home\type\task.type.dart
DA:5,1
LF:1
LH:1
end_of_record
SF:lib\screen\home\component\add.button.dart
DA:4,1
DA:8,1
DA:10,1
DA:12,1
DA:13,1
DA:14,2
LF:6
LH:6
end_of_record
SF:lib\screen\home\component\popup.form.dart
DA:4,1
DA:8,1
DA:9,1
DA:18,1
DA:20,2
DA:21,2
DA:22,1
DA:25,1
DA:26,6
DA:28,3
DA:34,2
DA:35,1
DA:38,2
DA:39,2
DA:40,1
DA:43,2
DA:44,2
DA:46,3
DA:48,3
DA:52,1
DA:53,3
DA:56,1
DA:57,1
DA:58,1
DA:68,1
DA:69,1
DA:75,1
DA:76,1
DA:77,1
DA:79,1
DA:81,1
DA:85,1
DA:87,1
DA:89,1
DA:96,1
DA:98,1
DA:100,1
DA:102,1
DA:104,1
DA:105,1
DA:106,1
DA:107,1
LF:42
LH:42
end_of_record
